<?xml version="1.0" encoding="UTF-8"?>
<!-- Generated by org.testng.reporters.JUnitXMLReporter -->
<testsuite hostname="classroom-PC" name="myTest" tests="6" failures="0" timestamp="9 Jan 2020 14:40:23 GMT" time="14.682" errors="0">
  <testcase name="addEmp" time="0.016" classname="myPack.Manoj"/>
  <testcase name="addLocation" time="0.0" classname="myPack.Manoj"/>
  <testcase name="deleteEmp" time="0.0" classname="myPack.Manoj"/>
  <testcase name="editEmp" time="0.001" classname="myPack.Manoj"/>
  <testcase name="editLocation" time="0.0" classname="myPack.Manoj"/>
  <testcase name="verifyLogin" time="14.635" classname="myPack.Manoj"/>
</testsuite> <!-- myTest -->
